  [1m[35m (0.5ms)[0m  [1m[34mSELECT sqlite_version(*)[0m
  [1m[35m (0.1ms)[0m  [1m[34mSELECT "schema_migrations"."version" FROM "schema_migrations" ORDER BY "schema_migrations"."version" ASC[0m
  [1m[36mActiveRecord::InternalMetadata Load (0.1ms)[0m  [1m[34mSELECT "ar_internal_metadata".* FROM "ar_internal_metadata" WHERE "ar_internal_metadata"."key" = ? LIMIT ?[0m  [["key", "environment"], ["LIMIT", 1]]
  [1m[35m (0.0ms)[0m  [1m[34mSELECT sqlite_version(*)[0m
  [1m[35m (0.1ms)[0m  [1m[34mSELECT "schema_migrations"."version" FROM "schema_migrations" ORDER BY "schema_migrations"."version" ASC[0m
  [1m[35m (0.3ms)[0m  [1m[34mSELECT sqlite_version(*)[0m
  [1m[35m (0.1ms)[0m  [1m[34mSELECT "schema_migrations"."version" FROM "schema_migrations" ORDER BY "schema_migrations"."version" ASC[0m
  [1m[36mActiveRecord::InternalMetadata Load (0.1ms)[0m  [1m[34mSELECT "ar_internal_metadata".* FROM "ar_internal_metadata" WHERE "ar_internal_metadata"."key" = ? LIMIT ?[0m  [["key", "environment"], ["LIMIT", 1]]
  [1m[35m (0.0ms)[0m  [1m[34mSELECT sqlite_version(*)[0m
  [1m[35m (0.1ms)[0m  [1m[34mSELECT "schema_migrations"."version" FROM "schema_migrations" ORDER BY "schema_migrations"."version" ASC[0m
  [1m[35m (0.3ms)[0m  [1m[34mSELECT sqlite_version(*)[0m
  [1m[36mFollow Load (0.1ms)[0m  [1m[34mSELECT "follows".* FROM "follows" /* loading for inspect */ LIMIT ?[0m  [["LIMIT", 11]]
  [1m[36mFollow Load (0.1ms)[0m  [1m[34mSELECT "follows".* FROM "follows" /* loading for inspect */ LIMIT ?[0m  [["LIMIT", 11]]
  [1m[35m (0.3ms)[0m  [1m[34mSELECT sqlite_version(*)[0m
  [1m[35m (0.1ms)[0m  [1m[34mSELECT "schema_migrations"."version" FROM "schema_migrations" ORDER BY "schema_migrations"."version" ASC[0m
  [1m[35m (0.1ms)[0m  [1m[34mSELECT "schema_migrations"."version" FROM "schema_migrations" ORDER BY "schema_migrations"."version" ASC[0m
  [1m[35m (0.0ms)[0m  [1m[34mSELECT "schema_migrations"."version" FROM "schema_migrations" ORDER BY "schema_migrations"."version" ASC[0m
  [1m[35m (0.0ms)[0m  [1m[34mSELECT "schema_migrations"."version" FROM "schema_migrations" ORDER BY "schema_migrations"."version" ASC[0m
Migrating to CreateFollows (20210428154152)
  [1m[36mTRANSACTION (0.0ms)[0m  [1m[36mbegin transaction[0m
  [1m[36mTRANSACTION (0.0ms)[0m  [1m[31mrollback transaction[0m
  [1m[35m (0.3ms)[0m  [1m[34mSELECT sqlite_version(*)[0m
  [1m[35m (0.1ms)[0m  [1m[34mSELECT "schema_migrations"."version" FROM "schema_migrations" ORDER BY "schema_migrations"."version" ASC[0m
  [1m[35m (0.1ms)[0m  [1m[34mSELECT "schema_migrations"."version" FROM "schema_migrations" ORDER BY "schema_migrations"."version" ASC[0m
  [1m[35m (0.1ms)[0m  [1m[34mSELECT "schema_migrations"."version" FROM "schema_migrations" ORDER BY "schema_migrations"."version" ASC[0m
  [1m[35m (0.0ms)[0m  [1m[34mSELECT "schema_migrations"."version" FROM "schema_migrations" ORDER BY "schema_migrations"."version" ASC[0m
Migrating to CreateFollows (20210428154152)
  [1m[36mTRANSACTION (0.0ms)[0m  [1m[36mbegin transaction[0m
  [1m[35m (0.3ms)[0m  [1m[35mDROP TABLE "follows"[0m
  [1m[36mActiveRecord::SchemaMigration Destroy (0.2ms)[0m  [1m[31mDELETE FROM "schema_migrations" WHERE "schema_migrations"."version" = ?[0m  [["version", "20210428154152"]]
  [1m[36mTRANSACTION (1.0ms)[0m  [1m[36mcommit transaction[0m
  [1m[35m (0.4ms)[0m  [1m[34mSELECT sqlite_version(*)[0m
  [1m[35m (0.1ms)[0m  [1m[34mSELECT "schema_migrations"."version" FROM "schema_migrations" ORDER BY "schema_migrations"."version" ASC[0m
  [1m[35m (0.3ms)[0m  [1m[34mSELECT sqlite_version(*)[0m
  [1m[35m (0.2ms)[0m  [1m[34mSELECT "schema_migrations"."version" FROM "schema_migrations" ORDER BY "schema_migrations"."version" ASC[0m
Migrating to CreateFollows (20210428154152)
  [1m[36mTRANSACTION (0.0ms)[0m  [1m[36mbegin transaction[0m
  [1m[35m (0.2ms)[0m  [1m[35mCREATE TABLE "follows" ("id" integer PRIMARY KEY AUTOINCREMENT NOT NULL, "user_id" integer, "follow_id" integer, "created_at" datetime(6) NOT NULL, "updated_at" datetime(6) NOT NULL)[0m
  [1m[35m (0.1ms)[0m  [1m[35mCREATE UNIQUE INDEX "index_follows_on_user_id_and_follow_id" ON "follows" ("user_id", "follow_id")[0m
  [1m[35m (0.1ms)[0m  [1m[35mCREATE UNIQUE INDEX "index_follows_on_follow_id_and_user_id" ON "follows" ("follow_id", "user_id")[0m
  [1m[36mActiveRecord::SchemaMigration Create (0.1ms)[0m  [1m[32mINSERT INTO "schema_migrations" ("version") VALUES (?)[0m  [["version", "20210428154152"]]
  [1m[36mTRANSACTION (1.7ms)[0m  [1m[36mcommit transaction[0m
  [1m[36mActiveRecord::InternalMetadata Load (0.1ms)[0m  [1m[34mSELECT "ar_internal_metadata".* FROM "ar_internal_metadata" WHERE "ar_internal_metadata"."key" = ? LIMIT ?[0m  [["key", "environment"], ["LIMIT", 1]]
  [1m[35m (0.0ms)[0m  [1m[34mSELECT sqlite_version(*)[0m
  [1m[35m (0.1ms)[0m  [1m[34mSELECT "schema_migrations"."version" FROM "schema_migrations" ORDER BY "schema_migrations"."version" ASC[0m
  [1m[35m (0.5ms)[0m  [1m[34mSELECT sqlite_version(*)[0m
  [1m[36mUser Load (0.2ms)[0m  [1m[34mSELECT "users".* FROM "users" /* loading for inspect */ LIMIT ?[0m  [["LIMIT", 11]]
Started GET "/api/v1/auth/login" for 127.0.0.1 at 2021-04-28 14:16:16 -0500
  [1m[35m (0.4ms)[0m  [1m[34mSELECT sqlite_version(*)[0m
  [1m[35m (0.1ms)[0m  [1m[34mSELECT "schema_migrations"."version" FROM "schema_migrations" ORDER BY "schema_migrations"."version" ASC[0m
  
ActionController::RoutingError (No route matches [GET] "/api/v1/auth/login"):
  
Started POST "/api/v1/auth/login" for 127.0.0.1 at 2021-04-28 14:16:30 -0500
Processing by Api::V1::SessionsController#create as */*
  Parameters: {"email"=>"test@hotmail.com", "password"=>"[FILTERED]"}
  [1m[36mUser Load (0.1ms)[0m  [1m[34mSELECT "users".* FROM "users" WHERE "users"."email" = ? LIMIT ?[0m  [["email", "test@hotmail.com"], ["LIMIT", 1]]
  ↳ app/controllers/api/v1/sessions_controller.rb:8:in `create'
  [1m[36mUser Update (2.8ms)[0m  [1m[33mUPDATE "users" SET "jti" = ? WHERE "users"."id" = ?[0m  [["jti", "fcbc5a09-bde8-4a1b-b0a4-346492955830"], ["id", 5]]
  ↳ app/controllers/api/v1/sessions_controller.rb:11:in `create'
Completed 200 OK in 245ms (Views: 0.3ms | ActiveRecord: 3.3ms | Allocations: 11570)


Started GET "/api/v1/follows/5" for 127.0.0.1 at 2021-04-28 14:18:28 -0500
  
ActionController::RoutingError (uninitialized constant Api::V1::FollowsController
Did you mean?  Api::V1::FollowController):
  
Started GET "/api/v1/follows/5" for 127.0.0.1 at 2021-04-28 14:19:01 -0500
  
ActionController::RoutingError (uninitialized constant Api::V1::FollowsController
Did you mean?  Api::V1::FollowController):
  
Started GET "/api/v1/follows/5" for 127.0.0.1 at 2021-04-28 14:19:26 -0500
  [1m[35m (0.6ms)[0m  [1m[34mSELECT sqlite_version(*)[0m
  [1m[35m (0.2ms)[0m  [1m[34mSELECT "schema_migrations"."version" FROM "schema_migrations" ORDER BY "schema_migrations"."version" ASC[0m
  
ActionController::RoutingError (uninitialized constant Api::V1::FollowsController
Did you mean?  Api::V1::FollowController):
  
Started GET "/api/v1/follow/5" for 127.0.0.1 at 2021-04-28 14:19:31 -0500
  
ActionController::RoutingError (No route matches [GET] "/api/v1/follow/5"):
  
Started GET "/api/v1/follow/5" for 127.0.0.1 at 2021-04-28 14:19:42 -0500
  
AbstractController::ActionNotFound (The action 'show' could not be found for Api::V1::FollowController
Did you mean?  follow_user):
  
actionpack (6.1.3) lib/abstract_controller/base.rb:160:in `process'
actionview (6.1.3) lib/action_view/rendering.rb:39:in `process'
actionpack (6.1.3) lib/action_controller/metal.rb:190:in `dispatch'
actionpack (6.1.3) lib/action_controller/metal.rb:254:in `dispatch'
actionpack (6.1.3) lib/action_dispatch/routing/route_set.rb:50:in `dispatch'
actionpack (6.1.3) lib/action_dispatch/routing/route_set.rb:33:in `serve'
actionpack (6.1.3) lib/action_dispatch/journey/router.rb:50:in `block in serve'
actionpack (6.1.3) lib/action_dispatch/journey/router.rb:32:in `each'
actionpack (6.1.3) lib/action_dispatch/journey/router.rb:32:in `serve'
actionpack (6.1.3) lib/action_dispatch/routing/route_set.rb:842:in `call'
warden-jwt_auth (0.3.6) lib/warden/jwt_auth/middleware/token_dispatcher.rb:20:in `call'
warden-jwt_auth (0.3.6) lib/warden/jwt_auth/middleware/revocation_manager.rb:21:in `call'
rack (2.2.3) lib/rack/builder.rb:244:in `call'
warden-jwt_auth (0.3.6) lib/warden/jwt_auth/middleware.rb:23:in `call'
warden (1.2.9) lib/warden/manager.rb:36:in `block in call'
warden (1.2.9) lib/warden/manager.rb:34:in `catch'
warden (1.2.9) lib/warden/manager.rb:34:in `call'
rack (2.2.3) lib/rack/tempfile_reaper.rb:15:in `call'
rack (2.2.3) lib/rack/etag.rb:27:in `call'
rack (2.2.3) lib/rack/conditional_get.rb:27:in `call'
rack (2.2.3) lib/rack/head.rb:12:in `call'
actionpack (6.1.3) lib/action_dispatch/http/permissions_policy.rb:22:in `call'
actionpack (6.1.3) lib/action_dispatch/http/content_security_policy.rb:18:in `call'
rack (2.2.3) lib/rack/session/abstract/id.rb:266:in `context'
rack (2.2.3) lib/rack/session/abstract/id.rb:260:in `call'
actionpack (6.1.3) lib/action_dispatch/middleware/cookies.rb:689:in `call'
activerecord (6.1.3) lib/active_record/migration.rb:601:in `call'
actionpack (6.1.3) lib/action_dispatch/middleware/callbacks.rb:27:in `block in call'
activesupport (6.1.3) lib/active_support/callbacks.rb:98:in `run_callbacks'
actionpack (6.1.3) lib/action_dispatch/middleware/callbacks.rb:26:in `call'
actionpack (6.1.3) lib/action_dispatch/middleware/executor.rb:14:in `call'
actionpack (6.1.3) lib/action_dispatch/middleware/actionable_exceptions.rb:18:in `call'
actionpack (6.1.3) lib/action_dispatch/middleware/debug_exceptions.rb:29:in `call'
web-console (4.1.0) lib/web_console/middleware.rb:132:in `call_app'
web-console (4.1.0) lib/web_console/middleware.rb:28:in `block in call'
web-console (4.1.0) lib/web_console/middleware.rb:17:in `catch'
web-console (4.1.0) lib/web_console/middleware.rb:17:in `call'
actionpack (6.1.3) lib/action_dispatch/middleware/show_exceptions.rb:33:in `call'
railties (6.1.3) lib/rails/rack/logger.rb:37:in `call_app'
railties (6.1.3) lib/rails/rack/logger.rb:26:in `block in call'
activesupport (6.1.3) lib/active_support/tagged_logging.rb:99:in `block in tagged'
activesupport (6.1.3) lib/active_support/tagged_logging.rb:37:in `tagged'
activesupport (6.1.3) lib/active_support/tagged_logging.rb:99:in `tagged'
railties (6.1.3) lib/rails/rack/logger.rb:26:in `call'
sprockets-rails (3.2.2) lib/sprockets/rails/quiet_assets.rb:13:in `call'
actionpack (6.1.3) lib/action_dispatch/middleware/remote_ip.rb:81:in `call'
actionpack (6.1.3) lib/action_dispatch/middleware/request_id.rb:26:in `call'
rack (2.2.3) lib/rack/method_override.rb:24:in `call'
rack (2.2.3) lib/rack/runtime.rb:22:in `call'
activesupport (6.1.3) lib/active_support/cache/strategy/local_cache_middleware.rb:29:in `call'
actionpack (6.1.3) lib/action_dispatch/middleware/executor.rb:14:in `call'
actionpack (6.1.3) lib/action_dispatch/middleware/static.rb:24:in `call'
rack (2.2.3) lib/rack/sendfile.rb:110:in `call'
actionpack (6.1.3) lib/action_dispatch/middleware/host_authorization.rb:98:in `call'
rack-mini-profiler (2.3.1) lib/mini_profiler/profiler.rb:373:in `call'
webpacker (5.2.1) lib/webpacker/dev_server_proxy.rb:25:in `perform_request'
rack-proxy (0.6.5) lib/rack/proxy.rb:57:in `call'
railties (6.1.3) lib/rails/engine.rb:539:in `call'
puma (5.2.2) lib/puma/configuration.rb:248:in `call'
puma (5.2.2) lib/puma/request.rb:76:in `block in handle_request'
puma (5.2.2) lib/puma/thread_pool.rb:337:in `with_force_shutdown'
puma (5.2.2) lib/puma/request.rb:75:in `handle_request'
puma (5.2.2) lib/puma/server.rb:431:in `process_client'
puma (5.2.2) lib/puma/thread_pool.rb:145:in `block in spawn_thread'
Started GET "/api/v1/follow/5" for 127.0.0.1 at 2021-04-28 14:20:05 -0500
Processing by Api::V1::FollowController#show as */*
  Parameters: {"id"=>"5"}
  [1m[35m (0.0ms)[0m  [1m[34mSELECT sqlite_version(*)[0m
  ↳ app/controllers/api/v1/api_controller.rb:19:in `process_token'
  [1m[36mUser Load (0.1ms)[0m  [1m[34mSELECT "users".* FROM "users" WHERE "users"."id" = ? LIMIT ?[0m  [["id", 5], ["LIMIT", 1]]
  ↳ app/controllers/api/v1/api_controller.rb:19:in `process_token'
Completed 500 Internal Server Error in 12ms (ActiveRecord: 0.8ms | Allocations: 10277)


  
NoMethodError (undefined method `id' for nil:NilClass):
  
app/controllers/api/v1/follow_controller.rb:7:in `show'
Started GET "/api/v1/follow/5" for 127.0.0.1 at 2021-04-28 14:20:27 -0500
Processing by Api::V1::FollowController#show as */*
  Parameters: {"id"=>"5"}
  [1m[35m (0.0ms)[0m  [1m[34mSELECT sqlite_version(*)[0m
  ↳ app/controllers/api/v1/api_controller.rb:19:in `process_token'
  [1m[36mUser Load (0.1ms)[0m  [1m[34mSELECT "users".* FROM "users" WHERE "users"."id" = ? LIMIT ?[0m  [["id", 5], ["LIMIT", 1]]
  ↳ app/controllers/api/v1/api_controller.rb:19:in `process_token'
  [1m[36mUser Load (0.1ms)[0m  [1m[34mSELECT "users".* FROM "users" WHERE "users"."id" = ? LIMIT ?[0m  [["id", 5], ["LIMIT", 1]]
  ↳ app/controllers/api/v1/follow_controller.rb:25:in `find_user'
Completed 422 Unprocessable Entity in 13ms (Views: 0.2ms | ActiveRecord: 1.2ms | Allocations: 9235)


Started GET "/api/v1/follow/6" for 127.0.0.1 at 2021-04-28 14:20:36 -0500
Processing by Api::V1::FollowController#show as */*
  Parameters: {"id"=>"6"}
  [1m[36mUser Load (0.1ms)[0m  [1m[34mSELECT "users".* FROM "users" WHERE "users"."id" = ? LIMIT ?[0m  [["id", 5], ["LIMIT", 1]]
  ↳ app/controllers/api/v1/api_controller.rb:19:in `process_token'
  [1m[36mUser Load (0.1ms)[0m  [1m[34mSELECT "users".* FROM "users" WHERE "users"."id" = ? LIMIT ?[0m  [["id", 6], ["LIMIT", 1]]
  ↳ app/controllers/api/v1/follow_controller.rb:25:in `find_user'
Completed 500 Internal Server Error in 15ms (ActiveRecord: 0.2ms | Allocations: 3992)


  
ArgumentError (wrong number of arguments (given 2, expected 0..1)):
  
app/controllers/api/v1/follow_controller.rb:9:in `show'
Started GET "/api/v1/follow/6" for 127.0.0.1 at 2021-04-28 14:21:34 -0500
Processing by Api::V1::FollowController#show as */*
  Parameters: {"id"=>"6"}
  [1m[35m (0.1ms)[0m  [1m[34mSELECT sqlite_version(*)[0m
  ↳ app/controllers/api/v1/api_controller.rb:19:in `process_token'
  [1m[36mUser Load (0.2ms)[0m  [1m[34mSELECT "users".* FROM "users" WHERE "users"."id" = ? LIMIT ?[0m  [["id", 5], ["LIMIT", 1]]
  ↳ app/controllers/api/v1/api_controller.rb:19:in `process_token'
  [1m[36mUser Load (0.1ms)[0m  [1m[34mSELECT "users".* FROM "users" WHERE "users"."id" = ? LIMIT ?[0m  [["id", 6], ["LIMIT", 1]]
  ↳ app/controllers/api/v1/follow_controller.rb:25:in `find_user'
  [1m[36mTRANSACTION (0.1ms)[0m  [1m[36mbegin transaction[0m
  ↳ app/controllers/api/v1/follow_controller.rb:10:in `show'
  [1m[36mFollow Create (0.4ms)[0m  [1m[32mINSERT INTO "follows" ("user_id", "created_at", "updated_at") VALUES (?, ?, ?)[0m  [["user_id", 5], ["created_at", "2021-04-28 19:21:34.272373"], ["updated_at", "2021-04-28 19:21:34.272373"]]
  ↳ app/controllers/api/v1/follow_controller.rb:10:in `show'
  [1m[36mTRANSACTION (7.1ms)[0m  [1m[36mcommit transaction[0m
  ↳ app/controllers/api/v1/follow_controller.rb:10:in `show'
Completed 201 Created in 31ms (Views: 0.2ms | ActiveRecord: 8.9ms | Allocations: 16556)


Started GET "/api/v1/follow/6" for 127.0.0.1 at 2021-04-28 14:22:00 -0500
Processing by Api::V1::FollowController#show as */*
  Parameters: {"id"=>"6"}
  [1m[36mUser Load (0.1ms)[0m  [1m[34mSELECT "users".* FROM "users" WHERE "users"."id" = ? LIMIT ?[0m  [["id", 5], ["LIMIT", 1]]
  ↳ app/controllers/api/v1/api_controller.rb:19:in `process_token'
  [1m[36mUser Load (0.1ms)[0m  [1m[34mSELECT "users".* FROM "users" WHERE "users"."id" = ? LIMIT ?[0m  [["id", 6], ["LIMIT", 1]]
  ↳ app/controllers/api/v1/follow_controller.rb:25:in `find_user'
  [1m[36mTRANSACTION (0.0ms)[0m  [1m[36mbegin transaction[0m
  ↳ app/controllers/api/v1/follow_controller.rb:10:in `show'
  [1m[36mFollow Create (0.2ms)[0m  [1m[32mINSERT INTO "follows" ("user_id", "created_at", "updated_at") VALUES (?, ?, ?)[0m  [["user_id", 5], ["created_at", "2021-04-28 19:22:00.155929"], ["updated_at", "2021-04-28 19:22:00.155929"]]
  ↳ app/controllers/api/v1/follow_controller.rb:10:in `show'
  [1m[36mTRANSACTION (1.0ms)[0m  [1m[36mcommit transaction[0m
  ↳ app/controllers/api/v1/follow_controller.rb:10:in `show'
Completed 201 Created in 8ms (Views: 0.1ms | ActiveRecord: 1.4ms | Allocations: 5716)


  [1m[35m (0.3ms)[0m  [1m[34mSELECT sqlite_version(*)[0m
  [1m[36mFollow Load (0.1ms)[0m  [1m[34mSELECT "follows".* FROM "follows" /* loading for inspect */ LIMIT ?[0m  [["LIMIT", 11]]
Started GET "/api/v1/follow/6" for 127.0.0.1 at 2021-04-28 14:22:53 -0500
Processing by Api::V1::FollowController#show as */*
  Parameters: {"id"=>"6"}
  [1m[35m (0.0ms)[0m  [1m[34mSELECT sqlite_version(*)[0m
  ↳ app/controllers/api/v1/api_controller.rb:19:in `process_token'
  [1m[36mUser Load (0.1ms)[0m  [1m[34mSELECT "users".* FROM "users" WHERE "users"."id" = ? LIMIT ?[0m  [["id", 5], ["LIMIT", 1]]
  ↳ app/controllers/api/v1/api_controller.rb:19:in `process_token'
  [1m[36mUser Load (0.1ms)[0m  [1m[34mSELECT "users".* FROM "users" WHERE "users"."id" = ? LIMIT ?[0m  [["id", 6], ["LIMIT", 1]]
  ↳ app/controllers/api/v1/follow_controller.rb:25:in `find_user'
  [1m[36mTRANSACTION (0.1ms)[0m  [1m[36mbegin transaction[0m
  ↳ app/controllers/api/v1/follow_controller.rb:10:in `show'
  [1m[36mFollow Create (3.4ms)[0m  [1m[32mINSERT INTO "follows" ("user_id", "follow_id", "created_at", "updated_at") VALUES (?, ?, ?, ?)[0m  [["user_id", 5], ["follow_id", 6], ["created_at", "2021-04-28 19:22:53.885230"], ["updated_at", "2021-04-28 19:22:53.885230"]]
  ↳ app/controllers/api/v1/follow_controller.rb:10:in `show'
  [1m[36mTRANSACTION (1.1ms)[0m  [1m[36mcommit transaction[0m
  ↳ app/controllers/api/v1/follow_controller.rb:10:in `show'
Completed 201 Created in 25ms (Views: 0.2ms | ActiveRecord: 5.8ms | Allocations: 14900)


  [1m[36mFollow Load (0.1ms)[0m  [1m[34mSELECT "follows".* FROM "follows" /* loading for inspect */ LIMIT ?[0m  [["LIMIT", 11]]
  [1m[36mFollow Load (0.2ms)[0m  [1m[34mSELECT "follows".* FROM "follows" ORDER BY "follows"."id" ASC LIMIT ?[0m  [["LIMIT", 1]]
  [1m[36mTRANSACTION (0.1ms)[0m  [1m[36mbegin transaction[0m
  [1m[36mFollow Destroy (0.3ms)[0m  [1m[31mDELETE FROM "follows" WHERE "follows"."id" = ?[0m  [["id", 1]]
  [1m[36mTRANSACTION (1.5ms)[0m  [1m[36mcommit transaction[0m
  [1m[36mFollow Load (0.1ms)[0m  [1m[34mSELECT "follows".* FROM "follows" ORDER BY "follows"."id" ASC LIMIT ?[0m  [["LIMIT", 1]]
  [1m[36mTRANSACTION (0.0ms)[0m  [1m[36mbegin transaction[0m
  [1m[36mFollow Destroy (0.2ms)[0m  [1m[31mDELETE FROM "follows" WHERE "follows"."id" = ?[0m  [["id", 2]]
  [1m[36mTRANSACTION (0.9ms)[0m  [1m[36mcommit transaction[0m
  [1m[36mFollow Load (0.1ms)[0m  [1m[34mSELECT "follows".* FROM "follows" /* loading for inspect */ LIMIT ?[0m  [["LIMIT", 11]]
Started GET "/api/v1/follow/6" for 127.0.0.1 at 2021-04-28 14:23:23 -0500
Processing by Api::V1::FollowController#show as */*
  Parameters: {"id"=>"6"}
  [1m[36mUser Load (0.1ms)[0m  [1m[34mSELECT "users".* FROM "users" WHERE "users"."id" = ? LIMIT ?[0m  [["id", 5], ["LIMIT", 1]]
  ↳ app/controllers/api/v1/api_controller.rb:19:in `process_token'
  [1m[36mUser Load (0.1ms)[0m  [1m[34mSELECT "users".* FROM "users" WHERE "users"."id" = ? LIMIT ?[0m  [["id", 6], ["LIMIT", 1]]
  ↳ app/controllers/api/v1/follow_controller.rb:25:in `find_user'
  [1m[36mTRANSACTION (0.0ms)[0m  [1m[36mbegin transaction[0m
  ↳ app/controllers/api/v1/follow_controller.rb:10:in `show'
  [1m[36mFollow Create (0.7ms)[0m  [1m[32mINSERT INTO "follows" ("user_id", "follow_id", "created_at", "updated_at") VALUES (?, ?, ?, ?)[0m  [["user_id", 5], ["follow_id", 6], ["created_at", "2021-04-28 19:23:23.691689"], ["updated_at", "2021-04-28 19:23:23.691689"]]
  ↳ app/controllers/api/v1/follow_controller.rb:10:in `show'
  [1m[36mTRANSACTION (0.1ms)[0m  [1m[31mrollback transaction[0m
  ↳ app/controllers/api/v1/follow_controller.rb:10:in `show'
Completed 500 Internal Server Error in 8ms (ActiveRecord: 1.0ms | Allocations: 4457)


  
ActiveRecord::RecordNotUnique (SQLite3::ConstraintException: UNIQUE constraint failed: follows.follow_id, follows.user_id):
  
app/controllers/api/v1/follow_controller.rb:10:in `show'
Started GET "/api/v1/follow/6" for 127.0.0.1 at 2021-04-28 14:24:20 -0500
Processing by Api::V1::FollowController#show as */*
  Parameters: {"id"=>"6"}
  [1m[35m (0.0ms)[0m  [1m[34mSELECT sqlite_version(*)[0m
  ↳ app/controllers/api/v1/api_controller.rb:19:in `process_token'
  [1m[36mUser Load (0.1ms)[0m  [1m[34mSELECT "users".* FROM "users" WHERE "users"."id" = ? LIMIT ?[0m  [["id", 5], ["LIMIT", 1]]
  ↳ app/controllers/api/v1/api_controller.rb:19:in `process_token'
  [1m[36mUser Load (0.1ms)[0m  [1m[34mSELECT "users".* FROM "users" WHERE "users"."id" = ? LIMIT ?[0m  [["id", 6], ["LIMIT", 1]]
  ↳ app/controllers/api/v1/follow_controller.rb:29:in `find_user'
  [1m[36mTRANSACTION (0.0ms)[0m  [1m[36mbegin transaction[0m
  ↳ app/controllers/api/v1/follow_controller.rb:11:in `show'
  [1m[36mFollow Create (0.4ms)[0m  [1m[32mINSERT INTO "follows" ("user_id", "follow_id", "created_at", "updated_at") VALUES (?, ?, ?, ?)[0m  [["user_id", 5], ["follow_id", 6], ["created_at", "2021-04-28 19:24:20.586762"], ["updated_at", "2021-04-28 19:24:20.586762"]]
  ↳ app/controllers/api/v1/follow_controller.rb:11:in `show'
  [1m[36mTRANSACTION (0.0ms)[0m  [1m[31mrollback transaction[0m
  ↳ app/controllers/api/v1/follow_controller.rb:11:in `show'
Completed 404 Not Found in 20ms (Views: 0.4ms | ActiveRecord: 1.6ms | Allocations: 14699)


Started GET "/api/v1/follow/6" for 127.0.0.1 at 2021-04-28 14:24:47 -0500
Processing by Api::V1::FollowController#show as */*
  Parameters: {"id"=>"6"}
  [1m[35m (0.0ms)[0m  [1m[34mSELECT sqlite_version(*)[0m
  ↳ app/controllers/api/v1/api_controller.rb:19:in `process_token'
  [1m[36mUser Load (0.1ms)[0m  [1m[34mSELECT "users".* FROM "users" WHERE "users"."id" = ? LIMIT ?[0m  [["id", 5], ["LIMIT", 1]]
  ↳ app/controllers/api/v1/api_controller.rb:19:in `process_token'
  [1m[36mUser Load (0.1ms)[0m  [1m[34mSELECT "users".* FROM "users" WHERE "users"."id" = ? LIMIT ?[0m  [["id", 6], ["LIMIT", 1]]
  ↳ app/controllers/api/v1/follow_controller.rb:29:in `find_user'
  [1m[36mTRANSACTION (0.0ms)[0m  [1m[36mbegin transaction[0m
  ↳ app/controllers/api/v1/follow_controller.rb:11:in `show'
  [1m[36mFollow Create (0.4ms)[0m  [1m[32mINSERT INTO "follows" ("user_id", "follow_id", "created_at", "updated_at") VALUES (?, ?, ?, ?)[0m  [["user_id", 5], ["follow_id", 6], ["created_at", "2021-04-28 19:24:47.148004"], ["updated_at", "2021-04-28 19:24:47.148004"]]
  ↳ app/controllers/api/v1/follow_controller.rb:11:in `show'
  [1m[36mTRANSACTION (0.0ms)[0m  [1m[31mrollback transaction[0m
  ↳ app/controllers/api/v1/follow_controller.rb:11:in `show'
Completed 422 Unprocessable Entity in 21ms (Views: 0.2ms | ActiveRecord: 1.7ms | Allocations: 14663)


  [1m[36mUser Load (0.1ms)[0m  [1m[34mSELECT "users".* FROM "users" WHERE "users"."id" = ? LIMIT ?[0m  [["id", 5], ["LIMIT", 1]]
  [1m[36mUser Load (0.2ms)[0m  [1m[34mSELECT "users".* FROM "users" INNER JOIN "follows" ON "users"."id" = "follows"."follow_id" WHERE "follows"."user_id" = ? /* loading for inspect */ LIMIT ?[0m  [["user_id", 5], ["LIMIT", 11]]
  [1m[36mUser Load (0.1ms)[0m  [1m[34mSELECT "users".* FROM "users" WHERE "users"."id" = ? LIMIT ?[0m  [["id", 5], ["LIMIT", 1]]
  [1m[36mUser Load (0.1ms)[0m  [1m[34mSELECT "users".* FROM "users" WHERE "users"."id" = ? LIMIT ?[0m  [["id", 5], ["LIMIT", 1]]
  [1m[36mUser Load (0.0ms)[0m  [1m[34mSELECT "users".* FROM "users" INNER JOIN "follows" ON "users"."id" = "follows"."follow_id" WHERE "follows"."user_id" = ? /* loading for inspect */ LIMIT ?[0m  [["user_id", 5], ["LIMIT", 11]]
  [1m[36mUser Load (0.1ms)[0m  [1m[34mSELECT "users".* FROM "users" WHERE "users"."id" = ? LIMIT ?[0m  [["id", 5], ["LIMIT", 1]]
  [1m[36mTask Load (0.1ms)[0m  [1m[34mSELECT "tasks".* FROM "tasks" WHERE "tasks"."user_id" IN (SELECT "users"."id" FROM "users" INNER JOIN "follows" ON "users"."id" = "follows"."follow_id" WHERE "follows"."user_id" = ?) /* loading for inspect */ LIMIT ?[0m  [["user_id", 5], ["LIMIT", 11]]
  [1m[36mUser Load (0.1ms)[0m  [1m[34mSELECT "users".* FROM "users" WHERE "users"."id" = ? LIMIT ?[0m  [["id", 5], ["LIMIT", 1]]
  [1m[36mUser Load (0.1ms)[0m  [1m[34mSELECT "users".* FROM "users" WHERE "users"."id" = ? LIMIT ?[0m  [["id", 5], ["LIMIT", 1]]
  [1m[36mTask Load (0.2ms)[0m  [1m[34mSELECT "tasks".* FROM "tasks" WHERE ("tasks"."user_id" IN (SELECT "users"."id" FROM "users" INNER JOIN "follows" ON "users"."id" = "follows"."follow_id" WHERE "follows"."user_id" = ?) OR "tasks"."user_id" = ?) /* loading for inspect */ LIMIT ?[0m  [["user_id", 5], ["user_id", 5], ["LIMIT", 11]]
Started GET "/api/v1/timeline" for 127.0.0.1 at 2021-04-28 14:33:16 -0500
  
SyntaxError (/home/rav/Documents/Universidad/Backend/entrega-02-j-j/app/controllers/api/v1/timeline_controller.rb:9: syntax error, unexpected '}', expecting `end'
...der json: {timeline: timeline}}
...                              ^
/home/rav/Documents/Universidad/Backend/entrega-02-j-j/app/controllers/api/v1/timeline_controller.rb:16: syntax error, unexpected '}', expecting '}'
... {error: "Tweet no encontrado"}, status: 404
...                              ^
/home/rav/Documents/Universidad/Backend/entrega-02-j-j/app/controllers/api/v1/timeline_controller.rb:22: syntax error, unexpected end-of-input, expecting `end'):
  
app/controllers/api/v1/timeline_controller.rb:9: syntax error, unexpected '}', expecting `end'
app/controllers/api/v1/timeline_controller.rb:16: syntax error, unexpected '}', expecting '}'
app/controllers/api/v1/timeline_controller.rb:22: syntax error, unexpected end-of-input, expecting `end'
app/controllers/api/v1/timeline_controller.rb:9: syntax error, unexpected '}', expecting `end'
app/controllers/api/v1/timeline_controller.rb:16: syntax error, unexpected '}', expecting '}'
app/controllers/api/v1/timeline_controller.rb:22: syntax error, unexpected end-of-input, expecting `end'
app/controllers/api/v1/timeline_controller.rb:9: syntax error, unexpected '}', expecting `end'
app/controllers/api/v1/timeline_controller.rb:16: syntax error, unexpected '}', expecting '}'
app/controllers/api/v1/timeline_controller.rb:22: syntax error, unexpected end-of-input, expecting `end'
Started GET "/api/v1/timeline" for 127.0.0.1 at 2021-04-28 14:33:36 -0500
  
AbstractController::ActionNotFound (The action 'index' could not be found for Api::V1::TimelineController
Did you mean?  set_task
               show):
  
actionpack (6.1.3) lib/abstract_controller/base.rb:160:in `process'
actionview (6.1.3) lib/action_view/rendering.rb:39:in `process'
actionpack (6.1.3) lib/action_controller/metal.rb:190:in `dispatch'
actionpack (6.1.3) lib/action_controller/metal.rb:254:in `dispatch'
actionpack (6.1.3) lib/action_dispatch/routing/route_set.rb:50:in `dispatch'
actionpack (6.1.3) lib/action_dispatch/routing/route_set.rb:33:in `serve'
actionpack (6.1.3) lib/action_dispatch/journey/router.rb:50:in `block in serve'
actionpack (6.1.3) lib/action_dispatch/journey/router.rb:32:in `each'
actionpack (6.1.3) lib/action_dispatch/journey/router.rb:32:in `serve'
actionpack (6.1.3) lib/action_dispatch/routing/route_set.rb:842:in `call'
warden-jwt_auth (0.3.6) lib/warden/jwt_auth/middleware/token_dispatcher.rb:20:in `call'
warden-jwt_auth (0.3.6) lib/warden/jwt_auth/middleware/revocation_manager.rb:21:in `call'
rack (2.2.3) lib/rack/builder.rb:244:in `call'
warden-jwt_auth (0.3.6) lib/warden/jwt_auth/middleware.rb:23:in `call'
warden (1.2.9) lib/warden/manager.rb:36:in `block in call'
warden (1.2.9) lib/warden/manager.rb:34:in `catch'
warden (1.2.9) lib/warden/manager.rb:34:in `call'
rack (2.2.3) lib/rack/tempfile_reaper.rb:15:in `call'
rack (2.2.3) lib/rack/etag.rb:27:in `call'
rack (2.2.3) lib/rack/conditional_get.rb:27:in `call'
rack (2.2.3) lib/rack/head.rb:12:in `call'
actionpack (6.1.3) lib/action_dispatch/http/permissions_policy.rb:22:in `call'
actionpack (6.1.3) lib/action_dispatch/http/content_security_policy.rb:18:in `call'
rack (2.2.3) lib/rack/session/abstract/id.rb:266:in `context'
rack (2.2.3) lib/rack/session/abstract/id.rb:260:in `call'
actionpack (6.1.3) lib/action_dispatch/middleware/cookies.rb:689:in `call'
activerecord (6.1.3) lib/active_record/migration.rb:601:in `call'
actionpack (6.1.3) lib/action_dispatch/middleware/callbacks.rb:27:in `block in call'
activesupport (6.1.3) lib/active_support/callbacks.rb:98:in `run_callbacks'
actionpack (6.1.3) lib/action_dispatch/middleware/callbacks.rb:26:in `call'
actionpack (6.1.3) lib/action_dispatch/middleware/executor.rb:14:in `call'
actionpack (6.1.3) lib/action_dispatch/middleware/actionable_exceptions.rb:18:in `call'
actionpack (6.1.3) lib/action_dispatch/middleware/debug_exceptions.rb:29:in `call'
web-console (4.1.0) lib/web_console/middleware.rb:132:in `call_app'
web-console (4.1.0) lib/web_console/middleware.rb:28:in `block in call'
web-console (4.1.0) lib/web_console/middleware.rb:17:in `catch'
web-console (4.1.0) lib/web_console/middleware.rb:17:in `call'
actionpack (6.1.3) lib/action_dispatch/middleware/show_exceptions.rb:33:in `call'
railties (6.1.3) lib/rails/rack/logger.rb:37:in `call_app'
railties (6.1.3) lib/rails/rack/logger.rb:26:in `block in call'
activesupport (6.1.3) lib/active_support/tagged_logging.rb:99:in `block in tagged'
activesupport (6.1.3) lib/active_support/tagged_logging.rb:37:in `tagged'
activesupport (6.1.3) lib/active_support/tagged_logging.rb:99:in `tagged'
railties (6.1.3) lib/rails/rack/logger.rb:26:in `call'
sprockets-rails (3.2.2) lib/sprockets/rails/quiet_assets.rb:13:in `call'
actionpack (6.1.3) lib/action_dispatch/middleware/remote_ip.rb:81:in `call'
actionpack (6.1.3) lib/action_dispatch/middleware/request_id.rb:26:in `call'
rack (2.2.3) lib/rack/method_override.rb:24:in `call'
rack (2.2.3) lib/rack/runtime.rb:22:in `call'
activesupport (6.1.3) lib/active_support/cache/strategy/local_cache_middleware.rb:29:in `call'
actionpack (6.1.3) lib/action_dispatch/middleware/executor.rb:14:in `call'
actionpack (6.1.3) lib/action_dispatch/middleware/static.rb:24:in `call'
rack (2.2.3) lib/rack/sendfile.rb:110:in `call'
actionpack (6.1.3) lib/action_dispatch/middleware/host_authorization.rb:98:in `call'
rack-mini-profiler (2.3.1) lib/mini_profiler/profiler.rb:373:in `call'
webpacker (5.2.1) lib/webpacker/dev_server_proxy.rb:25:in `perform_request'
rack-proxy (0.6.5) lib/rack/proxy.rb:57:in `call'
railties (6.1.3) lib/rails/engine.rb:539:in `call'
puma (5.2.2) lib/puma/configuration.rb:248:in `call'
puma (5.2.2) lib/puma/request.rb:76:in `block in handle_request'
puma (5.2.2) lib/puma/thread_pool.rb:337:in `with_force_shutdown'
puma (5.2.2) lib/puma/request.rb:75:in `handle_request'
puma (5.2.2) lib/puma/server.rb:431:in `process_client'
puma (5.2.2) lib/puma/thread_pool.rb:145:in `block in spawn_thread'
Started GET "/api/v1/timeline" for 127.0.0.1 at 2021-04-28 14:33:44 -0500
Processing by Api::V1::TimelineController#index as */*
  [1m[35m (0.0ms)[0m  [1m[34mSELECT sqlite_version(*)[0m
  ↳ app/controllers/api/v1/api_controller.rb:19:in `process_token'
  [1m[36mUser Load (0.1ms)[0m  [1m[34mSELECT "users".* FROM "users" WHERE "users"."id" = ? LIMIT ?[0m  [["id", 5], ["LIMIT", 1]]
  ↳ app/controllers/api/v1/api_controller.rb:19:in `process_token'
Completed 500 Internal Server Error in 12ms (ActiveRecord: 0.4ms | Allocations: 9444)


  
NoMethodError (undefined method `follows' for 5:Integer):
  
app/controllers/api/v1/timeline_controller.rb:8:in `index'
Started GET "/api/v1/timeline" for 127.0.0.1 at 2021-04-28 14:33:53 -0500
Processing by Api::V1::TimelineController#index as */*
  [1m[35m (0.0ms)[0m  [1m[34mSELECT sqlite_version(*)[0m
  ↳ app/controllers/api/v1/api_controller.rb:19:in `process_token'
  [1m[36mUser Load (0.1ms)[0m  [1m[34mSELECT "users".* FROM "users" WHERE "users"."id" = ? LIMIT ?[0m  [["id", 5], ["LIMIT", 1]]
  ↳ app/controllers/api/v1/api_controller.rb:19:in `process_token'
Completed 500 Internal Server Error in 12ms (ActiveRecord: 0.7ms | Allocations: 9689)


  
NoMethodError (undefined method `follows' for nil:NilClass):
  
app/controllers/api/v1/timeline_controller.rb:8:in `index'
Started GET "/api/v1/timeline" for 127.0.0.1 at 2021-04-28 14:34:15 -0500
Processing by Api::V1::TimelineController#index as */*
  [1m[35m (0.0ms)[0m  [1m[34mSELECT sqlite_version(*)[0m
  ↳ app/controllers/api/v1/api_controller.rb:19:in `process_token'
  [1m[36mUser Load (0.1ms)[0m  [1m[34mSELECT "users".* FROM "users" WHERE "users"."id" = ? LIMIT ?[0m  [["id", 5], ["LIMIT", 1]]
  ↳ app/controllers/api/v1/api_controller.rb:19:in `process_token'
  [1m[36mCACHE User Load (0.0ms)[0m  [1m[34mSELECT "users".* FROM "users" WHERE "users"."id" = ? LIMIT ?[0m  [["id", 5], ["LIMIT", 1]]
  ↳ app/controllers/api/v1/timeline_controller.rb:8:in `index'
  [1m[36mTask Load (0.3ms)[0m  [1m[34mSELECT "tasks".* FROM "tasks" WHERE ("tasks"."user_id" IN (SELECT "users"."id" FROM "users" INNER JOIN "follows" ON "users"."id" = "follows"."follow_id" WHERE "follows"."user_id" = ?) OR "tasks"."user_id" = ?)[0m  [["user_id", 5], ["user_id", 5]]
  ↳ app/controllers/api/v1/timeline_controller.rb:9:in `index'
Completed 200 OK in 21ms (Views: 1.6ms | ActiveRecord: 1.7ms | Allocations: 15419)


Started GET "/api/v1/follow" for 127.0.0.1 at 2021-04-28 14:36:52 -0500
Processing by Api::V1::FollowController#index as */*
  [1m[35m (0.0ms)[0m  [1m[34mSELECT sqlite_version(*)[0m
  ↳ app/controllers/api/v1/api_controller.rb:19:in `process_token'
  [1m[36mUser Load (0.1ms)[0m  [1m[34mSELECT "users".* FROM "users" WHERE "users"."id" = ? LIMIT ?[0m  [["id", 5], ["LIMIT", 1]]
  ↳ app/controllers/api/v1/api_controller.rb:19:in `process_token'
Filter chain halted as :find_user rendered or redirected
Completed 404 Not Found in 13ms (Views: 0.2ms | ActiveRecord: 0.8ms | Allocations: 8861)


Started GET "/api/v1/follow" for 127.0.0.1 at 2021-04-28 14:37:33 -0500
Processing by Api::V1::FollowController#index as */*
  [1m[35m (0.0ms)[0m  [1m[34mSELECT sqlite_version(*)[0m
  ↳ app/controllers/api/v1/api_controller.rb:19:in `process_token'
  [1m[36mUser Load (0.1ms)[0m  [1m[34mSELECT "users".* FROM "users" WHERE "users"."id" = ? LIMIT ?[0m  [["id", 5], ["LIMIT", 1]]
  ↳ app/controllers/api/v1/api_controller.rb:19:in `process_token'
  [1m[36mFollow Load (0.1ms)[0m  [1m[34mSELECT "follows".* FROM "follows" WHERE "follows"."id" = ? LIMIT ?[0m  [["id", 5], ["LIMIT", 1]]
  ↳ app/controllers/api/v1/follow_controller.rb:8:in `index'
Completed 404 Not Found in 13ms (ActiveRecord: 1.2ms | Allocations: 10106)


  
ActiveRecord::RecordNotFound (Couldn't find Follow with 'id'=5):
  
app/controllers/api/v1/follow_controller.rb:8:in `index'
Started GET "/api/v1/follow" for 127.0.0.1 at 2021-04-28 14:37:58 -0500
Processing by Api::V1::FollowController#index as */*
  [1m[35m (0.0ms)[0m  [1m[34mSELECT sqlite_version(*)[0m
  ↳ app/controllers/api/v1/api_controller.rb:19:in `process_token'
  [1m[36mUser Load (0.1ms)[0m  [1m[34mSELECT "users".* FROM "users" WHERE "users"."id" = ? LIMIT ?[0m  [["id", 5], ["LIMIT", 1]]
  ↳ app/controllers/api/v1/api_controller.rb:19:in `process_token'
  [1m[36mFollow Load (0.1ms)[0m  [1m[34mSELECT "follows".* FROM "follows" WHERE "follows"."id" = ? LIMIT ?[0m  [["id", nil], ["LIMIT", 1]]
  ↳ app/controllers/api/v1/follow_controller.rb:8:in `index'
Completed 404 Not Found in 18ms (ActiveRecord: 1.3ms | Allocations: 10972)


  
ActiveRecord::RecordNotFound (Couldn't find Follow with 'id'={:user_id=>5}):
  
app/controllers/api/v1/follow_controller.rb:8:in `index'
Started GET "/api/v1/follow" for 127.0.0.1 at 2021-04-28 14:38:30 -0500
Processing by Api::V1::FollowController#index as */*
  [1m[35m (0.1ms)[0m  [1m[34mSELECT sqlite_version(*)[0m
  ↳ app/controllers/api/v1/api_controller.rb:19:in `process_token'
  [1m[36mUser Load (0.1ms)[0m  [1m[34mSELECT "users".* FROM "users" WHERE "users"."id" = ? LIMIT ?[0m  [["id", 5], ["LIMIT", 1]]
  ↳ app/controllers/api/v1/api_controller.rb:19:in `process_token'
  [1m[36mFollow Load (0.1ms)[0m  [1m[34mSELECT "follows".* FROM "follows" WHERE "follows"."user_id" = ?[0m  [["user_id", 5]]
  ↳ app/controllers/api/v1/follow_controller.rb:9:in `index'
Completed 200 OK in 16ms (Views: 4.1ms | ActiveRecord: 1.2ms | Allocations: 12012)


Started GET "/api/v1/follower" for 127.0.0.1 at 2021-04-28 14:41:48 -0500
  
ActionController::RoutingError (uninitialized constant Api::V1::FollowerController
Did you mean?  Api::V1::FollowersControllers
               Api::V1::FollowController):
  
Started GET "/api/v1/follower" for 127.0.0.1 at 2021-04-28 14:42:16 -0500
  
ActionController::RoutingError (uninitialized constant Api::V1::FollowerController
Did you mean?  Api::V1::FollowersControllers
               Api::V1::FollowController):
  
Started GET "/api/v1/follower" for 127.0.0.1 at 2021-04-28 14:42:22 -0500
  
ActionController::RoutingError (No route matches [GET] "/api/v1/follower"):
  
Started GET "/api/v1/followers" for 127.0.0.1 at 2021-04-28 14:42:29 -0500
  
ActionController::RoutingError (uninitialized constant Api::V1::FollowersController
Did you mean?  Api::V1::FollowersControllers
               Api::V1::FollowController):
  
Started GET "/api/v1/followers" for 127.0.0.1 at 2021-04-28 14:43:06 -0500
  
ActionController::RoutingError (uninitialized constant Api::V1::FollowersController
Did you mean?  Api::V1::FollowersControllers
               Api::V1::FollowController):
  
Started GET "/api/v1/followers" for 127.0.0.1 at 2021-04-28 14:43:16 -0500
  [1m[35m (0.4ms)[0m  [1m[34mSELECT sqlite_version(*)[0m
  [1m[35m (0.1ms)[0m  [1m[34mSELECT "schema_migrations"."version" FROM "schema_migrations" ORDER BY "schema_migrations"."version" ASC[0m
  
ActionController::RoutingError (uninitialized constant Api::V1::FollowersController
Did you mean?  Api::V1::FollowersControllers
               Api::V1::FollowController):
  
Started GET "/api/v1/followers" for 127.0.0.1 at 2021-04-28 14:44:18 -0500
Processing by Api::V1::FollowersController#index as */*
  [1m[35m (0.1ms)[0m  [1m[34mSELECT sqlite_version(*)[0m
  ↳ app/controllers/api/v1/api_controller.rb:19:in `process_token'
  [1m[36mUser Load (0.2ms)[0m  [1m[34mSELECT "users".* FROM "users" WHERE "users"."id" = ? LIMIT ?[0m  [["id", 5], ["LIMIT", 1]]
  ↳ app/controllers/api/v1/api_controller.rb:19:in `process_token'
  [1m[36mFollow Load (0.1ms)[0m  [1m[34mSELECT "follows".* FROM "follows" WHERE "follows"."follow_id" = ?[0m  [["follow_id", 5]]
  ↳ app/controllers/api/v1/followers_controller.rb:9:in `index'
Completed 200 OK in 14ms (Views: 1.5ms | ActiveRecord: 1.3ms | Allocations: 10989)


Started GET "/api/v1/followers" for 127.0.0.1 at 2021-04-28 14:44:31 -0500
Processing by Api::V1::FollowersController#index as */*
  [1m[35m (0.0ms)[0m  [1m[34mSELECT sqlite_version(*)[0m
  ↳ app/controllers/api/v1/api_controller.rb:19:in `process_token'
  [1m[36mUser Load (0.1ms)[0m  [1m[34mSELECT "users".* FROM "users" WHERE "users"."id" = ? LIMIT ?[0m  [["id", 5], ["LIMIT", 1]]
  ↳ app/controllers/api/v1/api_controller.rb:19:in `process_token'
  [1m[36mFollow Load (0.1ms)[0m  [1m[34mSELECT "follows".* FROM "follows" WHERE "follows"."follow_id" = ?[0m  [["follow_id", 6]]
  ↳ app/controllers/api/v1/followers_controller.rb:9:in `index'
Completed 200 OK in 17ms (Views: 3.8ms | ActiveRecord: 1.4ms | Allocations: 12116)


Started GET "/api/v1/followers" for 127.0.0.1 at 2021-04-28 14:44:38 -0500
Processing by Api::V1::FollowersController#index as */*
  [1m[35m (0.1ms)[0m  [1m[34mSELECT sqlite_version(*)[0m
  ↳ app/controllers/api/v1/api_controller.rb:19:in `process_token'
  [1m[36mUser Load (0.1ms)[0m  [1m[34mSELECT "users".* FROM "users" WHERE "users"."id" = ? LIMIT ?[0m  [["id", 5], ["LIMIT", 1]]
  ↳ app/controllers/api/v1/api_controller.rb:19:in `process_token'
  [1m[36mFollow Load (0.1ms)[0m  [1m[34mSELECT "follows".* FROM "follows" WHERE "follows"."follow_id" = ?[0m  [["follow_id", 5]]
  ↳ app/controllers/api/v1/followers_controller.rb:9:in `index'
Completed 200 OK in 15ms (Views: 1.5ms | ActiveRecord: 1.5ms | Allocations: 9843)


